<?xml version="1.0" encoding="UTF-8"?>
<!-- Generated by org.testng.reporters.JUnitReportReporter -->
<testsuite hostname="DESKTOP-5VHFP6V" failures="0" tests="1" name="APITest.APITest.AppTest2" time="4.099" errors="0" timestamp="2024-10-17T11:12:04 EDT" skipped="0">
  <testcase classname="APITest.APITest.AppTest2" name="requestBody" time="4.099"/>
  <system-out/>
</testsuite> <!-- APITest.APITest.AppTest2 -->
