<?xml version="1.0" encoding="UTF-8"?>
<!-- Generated by org.testng.reporters.JUnitReportReporter -->
<testsuite hostname="DESKTOP-5VHFP6V" failures="0" tests="1" name="APITest.APITest.AppTestTest" time="0.010" errors="0" timestamp="2024-10-15T13:24:10 EDT" skipped="0">
  <testcase classname="APITest.APITest.AppTestTest" name="requestBodyTest" time="0.010"/>
  <system-out/>
</testsuite> <!-- APITest.APITest.AppTestTest -->
